<?xml version="1.0" encoding="UTF-8"?>
<testng-results ignored="0" total="1" passed="1" failed="0" skipped="0">
  <reporter-output>
  </reporter-output>
  <suite started-at="2026-01-12T09:47:55 IST" name="Surefire suite" finished-at="2026-01-12T09:48:04 IST" duration-ms="9496">
    <groups>
    </groups>
    <test started-at="2026-01-12T09:47:55 IST" name="Surefire test" finished-at="2026-01-12T09:48:04 IST" duration-ms="9496">
      <class name="tests.SmokeTest">
        <test-method is-config="true" signature="setUp()[pri:0, instance:tests.SmokeTest@534df152]" started-at="2026-01-12T09:47:55 IST" name="setUp" finished-at="2026-01-12T09:47:56 IST" duration-ms="1301" status="PASS">
          <reporter-output>
          </reporter-output>
        </test-method> <!-- setUp -->
        <test-method signature="openLoginPage()[pri:0, instance:tests.SmokeTest@534df152]" started-at="2026-01-12T09:47:56 IST" name="openLoginPage" finished-at="2026-01-12T09:48:04 IST" duration-ms="8002" status="PASS">
          <reporter-output>
          </reporter-output>
        </test-method> <!-- openLoginPage -->
        <test-method is-config="true" signature="tearDown()[pri:0, instance:tests.SmokeTest@534df152]" started-at="2026-01-12T09:48:04 IST" name="tearDown" finished-at="2026-01-12T09:48:04 IST" duration-ms="168" status="PASS">
          <reporter-output>
          </reporter-output>
        </test-method> <!-- tearDown -->
      </class> <!-- tests.SmokeTest -->
    </test> <!-- Surefire test -->
  </suite> <!-- Surefire suite -->
</testng-results>
